TeamCode/build/intermediates/manifest_merge_blame_file/debug/manifest-merger-blame-debug-report.txt
1<?xml version="1.0" encoding="utf-8"?>
2<!--
3 Note: the actual manifest file used in your APK merges this file with contributions
4     from the modules on which your app depends (such as FtcRobotController, etc).
5     So it won't ultimately be as empty as it might here appear to be :-)
6-->
7<!-- The package name here determines the package for your R class and your BuildConfig class -->
8<manifest xmlns:android="http://schemas.android.com/apk/res/android"
9    package="com.qualcomm.ftcrobotcontroller"
10    android:versionCode="56"
11    android:versionName="10.1" >
12
13    <uses-sdk
14        android:minSdkVersion="24"
15        android:targetSdkVersion="28" />
16
17    <uses-permission android:name="android.permission.RECEIVE_BOOT_COMPLETED" />
17-->[:FtcRobotController] AndroidManifest.xml:10:5-81
17-->[:FtcRobotController] AndroidManifest.xml:10:22-78
18    <uses-permission
18-->[org.firstinspires.ftc:Blocks:10.1.0] AndroidManifest.xml:11:5-13:35
19        android:name="android.permission.WRITE_EXTERNAL_STORAGE"
19-->[org.firstinspires.ftc:Blocks:10.1.0] AndroidManifest.xml:12:9-65
20        android:required="true" />
20-->[org.firstinspires.ftc:Blocks:10.1.0] AndroidManifest.xml:13:9-32
21    <uses-permission
21-->[org.firstinspires.ftc:Blocks:10.1.0] AndroidManifest.xml:14:5-16:35
22        android:name="android.permission.READ_EXTERNAL_STORAGE"
22-->[org.firstinspires.ftc:Blocks:10.1.0] AndroidManifest.xml:15:9-64
23        android:required="true" />
23-->[org.firstinspires.ftc:Blocks:10.1.0] AndroidManifest.xml:16:9-32
24    <uses-permission
24-->[org.firstinspires.ftc:FtcCommon:10.1.0] AndroidManifest.xml:12:5-76
25        android:name="android.permission.ACCESS_WIFI_STATE"
25-->[org.firstinspires.ftc:FtcCommon:10.1.0] AndroidManifest.xml:12:22-73
26        android:required="true" />
26-->[org.firstinspires.ftc:RobotCore:10.1.0] AndroidManifest.xml:13:9-32
27    <uses-permission
27-->[org.firstinspires.ftc:FtcCommon:10.1.0] AndroidManifest.xml:19:5-21:35
28        android:name="android.permission.WRITE_SETTINGS"
28-->[org.firstinspires.ftc:FtcCommon:10.1.0] AndroidManifest.xml:20:9-57
29        android:required="true" />
29-->[org.firstinspires.ftc:FtcCommon:10.1.0] AndroidManifest.xml:21:9-32
30    <uses-permission android:name="android.permission.BLUETOOTH_ADMIN" />
30-->[org.firstinspires.ftc:Inspection:10.1.0] AndroidManifest.xml:12:5-74
30-->[org.firstinspires.ftc:Inspection:10.1.0] AndroidManifest.xml:12:22-71
31    <uses-permission
31-->[org.firstinspires.ftc:Inspection:10.1.0] AndroidManifest.xml:13:5-76
32        android:name="android.permission.CHANGE_WIFI_STATE"
32-->[org.firstinspires.ftc:Inspection:10.1.0] AndroidManifest.xml:13:22-73
33        android:required="true" />
33-->[org.firstinspires.ftc:RobotCore:10.1.0] AndroidManifest.xml:16:9-32
34    <uses-permission
34-->[org.firstinspires.ftc:Inspection:10.1.0] AndroidManifest.xml:14:5-79
35        android:name="android.permission.CHANGE_NETWORK_STATE"
35-->[org.firstinspires.ftc:Inspection:10.1.0] AndroidManifest.xml:14:22-76
36        android:required="true" />
36-->[org.firstinspires.ftc:RobotCore:10.1.0] AndroidManifest.xml:22:9-32
37    <uses-permission
37-->[org.firstinspires.ftc:Inspection:10.1.0] AndroidManifest.xml:15:5-67
38        android:name="android.permission.INTERNET"
38-->[org.firstinspires.ftc:Inspection:10.1.0] AndroidManifest.xml:15:22-64
39        android:required="true" />
39-->[org.firstinspires.ftc:RobotCore:10.1.0] AndroidManifest.xml:25:9-32
40    <uses-permission
40-->[org.firstinspires.ftc:Inspection:10.1.0] AndroidManifest.xml:16:5-79
41        android:name="android.permission.ACCESS_NETWORK_STATE"
41-->[org.firstinspires.ftc:Inspection:10.1.0] AndroidManifest.xml:16:22-76
42        android:required="true" />
42-->[org.firstinspires.ftc:RobotCore:10.1.0] AndroidManifest.xml:19:9-32
43    <uses-permission android:name="android.permission.BLUETOOTH" /> <!-- see AppUtil.setTimeZone() -->
43-->[org.firstinspires.ftc:Inspection:10.1.0] AndroidManifest.xml:17:5-68
43-->[org.firstinspires.ftc:Inspection:10.1.0] AndroidManifest.xml:17:22-65
44    <uses-permission
44-->[org.firstinspires.ftc:RobotCore:10.1.0] AndroidManifest.xml:42:5-44:35
45        android:name="android.permission.SET_TIME_ZONE"
45-->[org.firstinspires.ftc:RobotCore:10.1.0] AndroidManifest.xml:43:9-56
46        android:required="true" />
46-->[org.firstinspires.ftc:RobotCore:10.1.0] AndroidManifest.xml:44:9-32
47    <!--
48  Note: we suspect that this (android.permission.WAKE_LOCK) is no
49  longer needed, but haven't yet found the time necessary to verify
50  that assertion before removing it
51    -->
52    <uses-permission
52-->[org.firstinspires.ftc:RobotCore:10.1.0] AndroidManifest.xml:51:5-53:35
53        android:name="android.permission.WAKE_LOCK"
53-->[org.firstinspires.ftc:RobotCore:10.1.0] AndroidManifest.xml:52:9-52
54        android:required="true" />
54-->[org.firstinspires.ftc:RobotCore:10.1.0] AndroidManifest.xml:53:9-32
55    <uses-permission android:name="android.permission.CAMERA" />
55-->[org.firstinspires.ftc:RobotCore:10.1.0] AndroidManifest.xml:54:5-65
55-->[org.firstinspires.ftc:RobotCore:10.1.0] AndroidManifest.xml:54:22-62
56    <uses-permission
56-->[org.firstinspires.ftc:RobotCore:10.1.0] AndroidManifest.xml:55:5-57:35
57        android:name="android.permission.ACCESS_COARSE_LOCATION"
57-->[org.firstinspires.ftc:RobotCore:10.1.0] AndroidManifest.xml:56:9-65
58        android:required="true" />
58-->[org.firstinspires.ftc:RobotCore:10.1.0] AndroidManifest.xml:57:9-32
59    <uses-permission
59-->[org.firstinspires.ftc:RobotCore:10.1.0] AndroidManifest.xml:58:5-60:35
60        android:name="android.permission.ACCESS_FINE_LOCATION"
60-->[org.firstinspires.ftc:RobotCore:10.1.0] AndroidManifest.xml:59:9-63
61        android:required="true" />
61-->[org.firstinspires.ftc:RobotCore:10.1.0] AndroidManifest.xml:60:9-32
62    <uses-permission
62-->[org.firstinspires.ftc:RobotCore:10.1.0] AndroidManifest.xml:61:5-63:35
63        android:name="android.permission.READ_PHONE_STATE"
63-->[org.firstinspires.ftc:RobotCore:10.1.0] AndroidManifest.xml:62:9-59
64        android:required="true" />
64-->[org.firstinspires.ftc:RobotCore:10.1.0] AndroidManifest.xml:63:9-32
65    <uses-permission
65-->[org.firstinspires.ftc:RobotCore:10.1.0] AndroidManifest.xml:66:5-68:35
66        android:name="com.revrobotics.permission.UPDATE_CONTROL_HUB"
66-->[org.firstinspires.ftc:RobotCore:10.1.0] AndroidManifest.xml:67:9-69
67        android:required="true" />
67-->[org.firstinspires.ftc:RobotCore:10.1.0] AndroidManifest.xml:68:9-32
68
69    <uses-feature android:name="android.hardware.usb.accessory" />
69-->[org.firstinspires.ftc:RobotCore:10.1.0] AndroidManifest.xml:70:5-67
69-->[org.firstinspires.ftc:RobotCore:10.1.0] AndroidManifest.xml:70:19-64
70    <uses-feature android:glEsVersion="0x00020000" />
70-->[org.firstinspires.ftc:RobotCore:10.1.0] AndroidManifest.xml:71:5-54
70-->[org.firstinspires.ftc:RobotCore:10.1.0] AndroidManifest.xml:71:19-51
71    <!--
72        NOTE: Any application that requests the CAMERA permission but does not
73        declare any camera features with the <uses-feature> element will be
74        assumed to use all camera features (auto-focus and flash). Thus, the
75        application will not be compatible with devices that do not support
76        all camera features. We use <uses-feature> to declare only the
77        camera features that our application does need. For instance, if you
78        request the CAMERA permission, but you do not need auto-focus or
79        flash, then declare only the android.hardware.camera feature. The
80        other camera features that you do not request will no longer be
81        assumed as required.
82    -->
83    <uses-feature android:name="android.hardware.camera" />
83-->[org.firstinspires.ftc:RobotCore:10.1.0] AndroidManifest.xml:85:5-60
83-->[org.firstinspires.ftc:RobotCore:10.1.0] AndroidManifest.xml:85:19-57
84    <uses-feature
84-->[com.journeyapps:zxing-android-embedded:4.3.0] AndroidManifest.xml:28:5-30:36
85        android:name="android.hardware.camera.front"
85-->[com.journeyapps:zxing-android-embedded:4.3.0] AndroidManifest.xml:29:9-53
86        android:required="false" /> <!-- TODO replace above two with next line after Android 4.2 -->
86-->[com.journeyapps:zxing-android-embedded:4.3.0] AndroidManifest.xml:30:9-33
87    <!-- <uses-feature android:name="android.hardware.camera.any"/> -->
88    <uses-feature
88-->[com.journeyapps:zxing-android-embedded:4.3.0] AndroidManifest.xml:33:5-35:36
89        android:name="android.hardware.camera.autofocus"
89-->[com.journeyapps:zxing-android-embedded:4.3.0] AndroidManifest.xml:34:9-57
90        android:required="false" />
90-->[com.journeyapps:zxing-android-embedded:4.3.0] AndroidManifest.xml:35:9-33
91    <uses-feature
91-->[com.journeyapps:zxing-android-embedded:4.3.0] AndroidManifest.xml:36:5-38:36
92        android:name="android.hardware.camera.flash"
92-->[com.journeyapps:zxing-android-embedded:4.3.0] AndroidManifest.xml:37:9-53
93        android:required="false" />
93-->[com.journeyapps:zxing-android-embedded:4.3.0] AndroidManifest.xml:38:9-33
94    <uses-feature
94-->[com.journeyapps:zxing-android-embedded:4.3.0] AndroidManifest.xml:39:5-41:36
95        android:name="android.hardware.screen.landscape"
95-->[com.journeyapps:zxing-android-embedded:4.3.0] AndroidManifest.xml:40:9-57
96        android:required="false" />
96-->[com.journeyapps:zxing-android-embedded:4.3.0] AndroidManifest.xml:41:9-33
97    <uses-feature
97-->[com.journeyapps:zxing-android-embedded:4.3.0] AndroidManifest.xml:42:5-44:36
98        android:name="android.hardware.wifi"
98-->[com.journeyapps:zxing-android-embedded:4.3.0] AndroidManifest.xml:43:9-45
99        android:required="false" />
99-->[com.journeyapps:zxing-android-embedded:4.3.0] AndroidManifest.xml:44:9-33
100
101    <application
101-->src/main/AndroidManifest.xml:10:5-19
102        android:name="org.firstinspires.ftc.robotcore.internal.system.RobotApplication"
102-->[org.firstinspires.ftc:RobotCore:10.1.0] AndroidManifest.xml:87:18-97
103        android:allowBackup="true"
103-->[:FtcRobotController] AndroidManifest.xml:13:9-35
104        android:appComponentFactory="androidx.core.app.CoreComponentFactory"
104-->[androidx.core:core:1.3.0] AndroidManifest.xml:24:18-86
105        android:debuggable="true"
106        android:extractNativeLibs="true"
107        android:icon="@drawable/ic_launcher"
107-->[:FtcRobotController] AndroidManifest.xml:14:9-45
108        android:label="@string/app_name"
108-->[:FtcRobotController] AndroidManifest.xml:15:9-41
109        android:largeHeap="true"
109-->[:FtcRobotController] AndroidManifest.xml:16:9-33
110        android:testOnly="true"
111        android:theme="@style/AppThemeRedRC"
111-->[:FtcRobotController] AndroidManifest.xml:17:9-45
112        android:usesCleartextTraffic="true" > <!-- Indicates to the ControlHubUpdater what the latest version of the Control Hub is that this app supports -->
112-->[:FtcRobotController] AndroidManifest.xml:18:9-44
113        <meta-data
113-->[:FtcRobotController] AndroidManifest.xml:21:9-23:33
114            android:name="org.firstinspires.latestSupportedControlHubVersion"
114-->[:FtcRobotController] AndroidManifest.xml:22:13-78
115            android:value="1" /> <!-- The main robot controller activity -->
115-->[:FtcRobotController] AndroidManifest.xml:23:13-30
116        <activity
116-->[:FtcRobotController] AndroidManifest.xml:26:9-37:20
117            android:name="org.firstinspires.ftc.robotcontroller.internal.PermissionValidatorWrapper"
117-->[:FtcRobotController] AndroidManifest.xml:27:13-101
118            android:configChanges="orientation|screenSize"
118-->[:FtcRobotController] AndroidManifest.xml:28:13-59
119            android:label="@string/app_name"
119-->[:FtcRobotController] AndroidManifest.xml:29:13-45
120            android:launchMode="singleTask"
120-->[:FtcRobotController] AndroidManifest.xml:30:13-44
121            android:screenOrientation="fullUser" >
121-->[:FtcRobotController] AndroidManifest.xml:31:13-49
122            <intent-filter>
122-->[:FtcRobotController] AndroidManifest.xml:32:13-36:29
123                <category android:name="android.intent.category.LAUNCHER" />
123-->[:FtcRobotController] AndroidManifest.xml:33:17-77
123-->[:FtcRobotController] AndroidManifest.xml:33:27-74
124
125                <action android:name="android.intent.action.MAIN" />
125-->[:FtcRobotController] AndroidManifest.xml:35:17-69
125-->[:FtcRobotController] AndroidManifest.xml:35:25-66
126            </intent-filter>
127        </activity>
128        <activity
128-->[:FtcRobotController] AndroidManifest.xml:38:9-56:20
129            android:name="org.firstinspires.ftc.robotcontroller.internal.FtcRobotControllerActivity"
129-->[:FtcRobotController] AndroidManifest.xml:39:13-101
130            android:configChanges="orientation|screenSize"
130-->[:FtcRobotController] AndroidManifest.xml:40:13-59
131            android:label="@string/app_name"
131-->[:FtcRobotController] AndroidManifest.xml:41:13-45
132            android:launchMode="singleTask"
132-->[:FtcRobotController] AndroidManifest.xml:42:13-44
133            android:screenOrientation="fullUser" >
133-->[:FtcRobotController] AndroidManifest.xml:43:13-49
134            <intent-filter>
134-->[:FtcRobotController] AndroidManifest.xml:44:13-46:29
135                <action android:name="android.hardware.usb.action.USB_DEVICE_ATTACHED" />
135-->[:FtcRobotController] AndroidManifest.xml:45:17-90
135-->[:FtcRobotController] AndroidManifest.xml:45:25-87
136            </intent-filter>
137
138            <meta-data
138-->[:FtcRobotController] AndroidManifest.xml:48:13-50:57
139                android:name="android.hardware.usb.action.USB_DEVICE_ATTACHED"
139-->[:FtcRobotController] AndroidManifest.xml:49:17-79
140                android:resource="@xml/device_filter" />
140-->[:FtcRobotController] AndroidManifest.xml:50:17-54
141
142            <!-- org.firstinspires.main.entry indicates that this app is compatible with the Dragonboard Control Hub -->
143            <meta-data
143-->[:FtcRobotController] AndroidManifest.xml:53:13-55:40
144                android:name="org.firstinspires.main.entry"
144-->[:FtcRobotController] AndroidManifest.xml:54:17-60
145                android:value="true" />
145-->[:FtcRobotController] AndroidManifest.xml:55:17-37
146        </activity> <!-- The robot controller service in which most of the robot functionality is managed -->
147        <service
147-->[:FtcRobotController] AndroidManifest.xml:59:9-61:38
148            android:name="com.qualcomm.ftccommon.FtcRobotControllerService"
148-->[:FtcRobotController] AndroidManifest.xml:60:13-76
149            android:enabled="true" /> <!-- Assistant that autostarts the robot controller on android boot (if it's supposed to) -->
149-->[:FtcRobotController] AndroidManifest.xml:61:13-35
150        <receiver
150-->[:FtcRobotController] AndroidManifest.xml:64:9-75:20
151            android:name="org.firstinspires.ftc.ftccommon.internal.RunOnBoot"
151-->[:FtcRobotController] AndroidManifest.xml:65:13-78
152            android:enabled="true"
152-->[:FtcRobotController] AndroidManifest.xml:66:13-35
153            android:exported="true"
153-->[:FtcRobotController] AndroidManifest.xml:67:13-36
154            android:permission="android.permission.RECEIVE_BOOT_COMPLETED" >
154-->[:FtcRobotController] AndroidManifest.xml:68:13-75
155            <intent-filter>
155-->[:FtcRobotController] AndroidManifest.xml:69:13-74:29
156                <category android:name="android.intent.category.DEFAULT" />
156-->[:FtcRobotController] AndroidManifest.xml:70:17-76
156-->[:FtcRobotController] AndroidManifest.xml:70:27-73
157
158                <action android:name="android.intent.action.BOOT_COMPLETED" />
158-->[:FtcRobotController] AndroidManifest.xml:72:17-79
158-->[:FtcRobotController] AndroidManifest.xml:72:25-76
159                <action android:name="android.intent.action.QUICKBOOT_POWERON" />
159-->[:FtcRobotController] AndroidManifest.xml:73:17-82
159-->[:FtcRobotController] AndroidManifest.xml:73:25-79
160            </intent-filter>
161        </receiver>
162
163        <activity
163-->[org.firstinspires.ftc:Blocks:10.1.0] AndroidManifest.xml:19:9-23:20
164            android:name="org.firstinspires.ftc.ftccommon.internal.ProgramAndManageActivity"
164-->[org.firstinspires.ftc:Blocks:10.1.0] AndroidManifest.xml:20:13-93
165            android:configChanges="orientation|screenSize"
165-->[org.firstinspires.ftc:Blocks:10.1.0] AndroidManifest.xml:21:13-59
166            android:label="@string/program_and_manage_activity" >
166-->[org.firstinspires.ftc:Blocks:10.1.0] AndroidManifest.xml:22:13-64
167        </activity>
168        <activity
168-->[org.firstinspires.ftc:FtcCommon:10.1.0] AndroidManifest.xml:26:9-30:47
169            android:name="com.qualcomm.ftccommon.StackTraceActivity"
169-->[org.firstinspires.ftc:FtcCommon:10.1.0] AndroidManifest.xml:27:13-69
170            android:configChanges="orientation|screenSize"
170-->[org.firstinspires.ftc:FtcCommon:10.1.0] AndroidManifest.xml:28:13-59
171            android:exported="true"
171-->[org.firstinspires.ftc:FtcCommon:10.1.0] AndroidManifest.xml:29:13-36
172            android:launchMode="singleTask" />
172-->[org.firstinspires.ftc:FtcCommon:10.1.0] AndroidManifest.xml:30:13-44
173        <activity
173-->[org.firstinspires.ftc:FtcCommon:10.1.0] AndroidManifest.xml:31:9-35:20
174            android:name="com.qualcomm.ftccommon.FtcRobotControllerSettingsActivity"
174-->[org.firstinspires.ftc:FtcCommon:10.1.0] AndroidManifest.xml:32:13-85
175            android:exported="true"
175-->[org.firstinspires.ftc:FtcCommon:10.1.0] AndroidManifest.xml:33:13-36
176            android:label="@string/settings_activity" >
176-->[org.firstinspires.ftc:FtcCommon:10.1.0] AndroidManifest.xml:34:13-54
177        </activity>
178        <activity
178-->[org.firstinspires.ftc:FtcCommon:10.1.0] AndroidManifest.xml:36:9-41:20
179            android:name="com.qualcomm.ftccommon.configuration.FtcLoadFileActivity"
179-->[org.firstinspires.ftc:FtcCommon:10.1.0] AndroidManifest.xml:37:13-84
180            android:configChanges="orientation|screenSize"
180-->[org.firstinspires.ftc:FtcCommon:10.1.0] AndroidManifest.xml:38:13-59
181            android:exported="true"
181-->[org.firstinspires.ftc:FtcCommon:10.1.0] AndroidManifest.xml:39:13-36
182            android:label="@string/configure_activity" >
182-->[org.firstinspires.ftc:FtcCommon:10.1.0] AndroidManifest.xml:40:13-55
183        </activity>
184        <activity
184-->[org.firstinspires.ftc:FtcCommon:10.1.0] AndroidManifest.xml:42:9-47:20
185            android:name="com.qualcomm.ftccommon.configuration.ConfigureFromTemplateActivity"
185-->[org.firstinspires.ftc:FtcCommon:10.1.0] AndroidManifest.xml:43:13-94
186            android:configChanges="orientation|screenSize"
186-->[org.firstinspires.ftc:FtcCommon:10.1.0] AndroidManifest.xml:44:13-59
187            android:exported="true"
187-->[org.firstinspires.ftc:FtcCommon:10.1.0] AndroidManifest.xml:45:13-36
188            android:label="@string/title_activity_configfromtemplate" >
188-->[org.firstinspires.ftc:FtcCommon:10.1.0] AndroidManifest.xml:46:13-70
189        </activity>
190        <activity
190-->[org.firstinspires.ftc:FtcCommon:10.1.0] AndroidManifest.xml:48:9-53:20
191            android:name="com.qualcomm.ftccommon.ViewLogsActivity"
191-->[org.firstinspires.ftc:FtcCommon:10.1.0] AndroidManifest.xml:49:13-67
192            android:configChanges="orientation|screenSize"
192-->[org.firstinspires.ftc:FtcCommon:10.1.0] AndroidManifest.xml:50:13-59
193            android:exported="true"
193-->[org.firstinspires.ftc:FtcCommon:10.1.0] AndroidManifest.xml:51:13-36
194            android:label="@string/view_logs_activity" >
194-->[org.firstinspires.ftc:FtcCommon:10.1.0] AndroidManifest.xml:52:13-55
195        </activity>
196        <activity
196-->[org.firstinspires.ftc:FtcCommon:10.1.0] AndroidManifest.xml:54:9-58:20
197            android:name="com.qualcomm.ftccommon.configuration.FtcConfigurationActivity"
197-->[org.firstinspires.ftc:FtcCommon:10.1.0] AndroidManifest.xml:55:13-89
198            android:configChanges="orientation|screenSize"
198-->[org.firstinspires.ftc:FtcCommon:10.1.0] AndroidManifest.xml:56:13-59
199            android:label="@string/app_name" >
199-->[org.firstinspires.ftc:FtcCommon:10.1.0] AndroidManifest.xml:57:13-45
200        </activity>
201        <activity
201-->[org.firstinspires.ftc:FtcCommon:10.1.0] AndroidManifest.xml:59:9-63:20
202            android:name="com.qualcomm.ftccommon.configuration.FtcNewFileActivity"
202-->[org.firstinspires.ftc:FtcCommon:10.1.0] AndroidManifest.xml:60:13-83
203            android:configChanges="orientation|screenSize"
203-->[org.firstinspires.ftc:FtcCommon:10.1.0] AndroidManifest.xml:61:13-59
204            android:label="@string/app_name" >
204-->[org.firstinspires.ftc:FtcCommon:10.1.0] AndroidManifest.xml:62:13-45
205        </activity>
206        <activity
206-->[org.firstinspires.ftc:FtcCommon:10.1.0] AndroidManifest.xml:64:9-68:20
207            android:name="com.qualcomm.ftccommon.FtcAdvancedRCSettingsActivity"
207-->[org.firstinspires.ftc:FtcCommon:10.1.0] AndroidManifest.xml:65:13-80
208            android:exported="true"
208-->[org.firstinspires.ftc:FtcCommon:10.1.0] AndroidManifest.xml:66:13-36
209            android:label="@string/titleAdvancedRCSettings" >
209-->[org.firstinspires.ftc:FtcCommon:10.1.0] AndroidManifest.xml:67:13-60
210        </activity>
211        <activity
211-->[org.firstinspires.ftc:FtcCommon:10.1.0] AndroidManifest.xml:69:9-72:20
212            android:name="com.qualcomm.ftccommon.FtcLynxFirmwareUpdateActivity"
212-->[org.firstinspires.ftc:FtcCommon:10.1.0] AndroidManifest.xml:70:13-80
213            android:exported="true" >
213-->[org.firstinspires.ftc:FtcCommon:10.1.0] AndroidManifest.xml:71:13-36
214        </activity>
215        <activity
215-->[org.firstinspires.ftc:FtcCommon:10.1.0] AndroidManifest.xml:73:9-76:20
216            android:name="com.qualcomm.ftccommon.FtcLynxModuleAddressUpdateActivity"
216-->[org.firstinspires.ftc:FtcCommon:10.1.0] AndroidManifest.xml:74:13-85
217            android:exported="true" >
217-->[org.firstinspires.ftc:FtcCommon:10.1.0] AndroidManifest.xml:75:13-36
218        </activity>
219        <activity
219-->[org.firstinspires.ftc:FtcCommon:10.1.0] AndroidManifest.xml:77:9-81:20
220            android:name="com.qualcomm.ftccommon.FtcWifiDirectChannelSelectorActivity"
220-->[org.firstinspires.ftc:FtcCommon:10.1.0] AndroidManifest.xml:78:13-87
221            android:exported="true"
221-->[org.firstinspires.ftc:FtcCommon:10.1.0] AndroidManifest.xml:79:13-36
222            android:label="@string/title_activity_wifi_channel_selector" >
222-->[org.firstinspires.ftc:FtcCommon:10.1.0] AndroidManifest.xml:80:13-73
223        </activity>
224        <activity
224-->[org.firstinspires.ftc:FtcCommon:10.1.0] AndroidManifest.xml:82:9-86:20
225            android:name="com.qualcomm.ftccommon.FtcWifiDirectRememberedGroupsActivity"
225-->[org.firstinspires.ftc:FtcCommon:10.1.0] AndroidManifest.xml:83:13-88
226            android:exported="true"
226-->[org.firstinspires.ftc:FtcCommon:10.1.0] AndroidManifest.xml:84:13-36
227            android:label="@string/title_activity_wifi_remembered_groups_editor" >
227-->[org.firstinspires.ftc:FtcCommon:10.1.0] AndroidManifest.xml:85:13-81
228        </activity>
229        <activity
229-->[org.firstinspires.ftc:FtcCommon:10.1.0] AndroidManifest.xml:87:9-90:20
230            android:name="com.qualcomm.ftccommon.AboutActivity"
230-->[org.firstinspires.ftc:FtcCommon:10.1.0] AndroidManifest.xml:88:13-64
231            android:label="@string/about_activity" >
231-->[org.firstinspires.ftc:FtcCommon:10.1.0] AndroidManifest.xml:89:13-51
232        </activity>
233        <activity
233-->[org.firstinspires.ftc:FtcCommon:10.1.0] AndroidManifest.xml:91:9-94:20
234            android:name="com.qualcomm.ftccommon.FtcAboutActivity"
234-->[org.firstinspires.ftc:FtcCommon:10.1.0] AndroidManifest.xml:92:13-67
235            android:label="@string/ftc_about_activity" >
235-->[org.firstinspires.ftc:FtcCommon:10.1.0] AndroidManifest.xml:93:13-55
236        </activity>
237        <activity
237-->[org.firstinspires.ftc:FtcCommon:10.1.0] AndroidManifest.xml:95:9-100:20
238            android:name="com.qualcomm.ftccommon.configuration.EditSwapUsbDevices"
238-->[org.firstinspires.ftc:FtcCommon:10.1.0] AndroidManifest.xml:96:13-83
239            android:configChanges="orientation|screenSize"
239-->[org.firstinspires.ftc:FtcCommon:10.1.0] AndroidManifest.xml:97:13-59
240            android:label="@string/edit_swap_devices_activity"
240-->[org.firstinspires.ftc:FtcCommon:10.1.0] AndroidManifest.xml:98:13-63
241            android:windowSoftInputMode="stateHidden" >
241-->[org.firstinspires.ftc:FtcCommon:10.1.0] AndroidManifest.xml:99:13-54
242        </activity>
243        <activity
243-->[org.firstinspires.ftc:FtcCommon:10.1.0] AndroidManifest.xml:101:9-106:20
244            android:name="com.qualcomm.ftccommon.configuration.EditMotorListActivity"
244-->[org.firstinspires.ftc:FtcCommon:10.1.0] AndroidManifest.xml:102:13-86
245            android:configChanges="orientation|screenSize"
245-->[org.firstinspires.ftc:FtcCommon:10.1.0] AndroidManifest.xml:103:13-59
246            android:label="@string/edit_motor_controller_activity"
246-->[org.firstinspires.ftc:FtcCommon:10.1.0] AndroidManifest.xml:104:13-67
247            android:windowSoftInputMode="stateHidden" >
247-->[org.firstinspires.ftc:FtcCommon:10.1.0] AndroidManifest.xml:105:13-54
248        </activity>
249        <activity
249-->[org.firstinspires.ftc:FtcCommon:10.1.0] AndroidManifest.xml:107:9-112:20
250            android:name="com.qualcomm.ftccommon.configuration.EditServoListActivity"
250-->[org.firstinspires.ftc:FtcCommon:10.1.0] AndroidManifest.xml:108:13-86
251            android:configChanges="orientation|screenSize"
251-->[org.firstinspires.ftc:FtcCommon:10.1.0] AndroidManifest.xml:109:13-59
252            android:label="@string/edit_servo_controller_activity"
252-->[org.firstinspires.ftc:FtcCommon:10.1.0] AndroidManifest.xml:110:13-67
253            android:windowSoftInputMode="stateHidden|adjustResize" >
253-->[org.firstinspires.ftc:FtcCommon:10.1.0] AndroidManifest.xml:111:13-67
254        </activity>
255        <activity
255-->[org.firstinspires.ftc:FtcCommon:10.1.0] AndroidManifest.xml:113:9-118:20
256            android:name="com.qualcomm.ftccommon.configuration.EditLynxModuleActivity"
256-->[org.firstinspires.ftc:FtcCommon:10.1.0] AndroidManifest.xml:114:13-87
257            android:configChanges="orientation|screenSize"
257-->[org.firstinspires.ftc:FtcCommon:10.1.0] AndroidManifest.xml:115:13-59
258            android:label="@string/edit_lynx_module_controller_activity"
258-->[org.firstinspires.ftc:FtcCommon:10.1.0] AndroidManifest.xml:116:13-73
259            android:windowSoftInputMode="stateHidden|adjustResize" >
259-->[org.firstinspires.ftc:FtcCommon:10.1.0] AndroidManifest.xml:117:13-67
260        </activity>
261        <activity
261-->[org.firstinspires.ftc:FtcCommon:10.1.0] AndroidManifest.xml:119:9-124:20
262            android:name="com.qualcomm.ftccommon.configuration.EditLynxUsbDeviceActivity"
262-->[org.firstinspires.ftc:FtcCommon:10.1.0] AndroidManifest.xml:120:13-90
263            android:configChanges="orientation|screenSize"
263-->[org.firstinspires.ftc:FtcCommon:10.1.0] AndroidManifest.xml:121:13-59
264            android:label="@string/edit_lynx_usb_device_activity"
264-->[org.firstinspires.ftc:FtcCommon:10.1.0] AndroidManifest.xml:122:13-66
265            android:windowSoftInputMode="stateHidden|adjustResize" >
265-->[org.firstinspires.ftc:FtcCommon:10.1.0] AndroidManifest.xml:123:13-67
266        </activity>
267        <activity
267-->[org.firstinspires.ftc:FtcCommon:10.1.0] AndroidManifest.xml:125:9-130:20
268            android:name="com.qualcomm.ftccommon.configuration.EditWebcamActivity"
268-->[org.firstinspires.ftc:FtcCommon:10.1.0] AndroidManifest.xml:126:13-83
269            android:configChanges="orientation|screenSize"
269-->[org.firstinspires.ftc:FtcCommon:10.1.0] AndroidManifest.xml:127:13-59
270            android:label="@string/edit_webcam_activity"
270-->[org.firstinspires.ftc:FtcCommon:10.1.0] AndroidManifest.xml:128:13-57
271            android:windowSoftInputMode="stateHidden|adjustResize" >
271-->[org.firstinspires.ftc:FtcCommon:10.1.0] AndroidManifest.xml:129:13-67
272        </activity>
273        <activity
273-->[org.firstinspires.ftc:FtcCommon:10.1.0] AndroidManifest.xml:131:9-136:20
274            android:name="com.qualcomm.ftccommon.configuration.EditPWMDevicesActivity"
274-->[org.firstinspires.ftc:FtcCommon:10.1.0] AndroidManifest.xml:132:13-87
275            android:configChanges="orientation|screenSize"
275-->[org.firstinspires.ftc:FtcCommon:10.1.0] AndroidManifest.xml:133:13-59
276            android:label="@string/edit_pwm_devices_activity"
276-->[org.firstinspires.ftc:FtcCommon:10.1.0] AndroidManifest.xml:134:13-62
277            android:windowSoftInputMode="stateHidden|adjustResize" >
277-->[org.firstinspires.ftc:FtcCommon:10.1.0] AndroidManifest.xml:135:13-67
278        </activity>
279        <activity
279-->[org.firstinspires.ftc:FtcCommon:10.1.0] AndroidManifest.xml:137:9-142:20
280            android:name="com.qualcomm.ftccommon.configuration.EditAnalogInputDevicesActivity"
280-->[org.firstinspires.ftc:FtcCommon:10.1.0] AndroidManifest.xml:138:13-95
281            android:configChanges="orientation|screenSize"
281-->[org.firstinspires.ftc:FtcCommon:10.1.0] AndroidManifest.xml:139:13-59
282            android:label="@string/edit_analog_input_devices_activity"